INFO:root:Starting server: http://127.0.0.1:5000
successfully starrted
 * Serving Flask app "main" (lazy loading)
 * Environment: production
   WARNING: This is a development server. Do not use it in a production deployment.
   Use a production WSGI server instead.
 * Debug mode: off
INFO:werkzeug: * Running on http://0.0.0.0:5000/ (Press CTRL+C to quit)
INFO:werkzeug:127.0.0.1 - - [24/Jun/2020 19:55:24] "[37mGET / HTTP/1.1[0m" 200 -
INFO:werkzeug:127.0.0.1 - - [24/Jun/2020 19:55:28] "[37mGET / HTTP/1.1[0m" 200 -
0      0.45
1      0.45
2      0.30
3      0.95
4      0.15
       ... 
221    5.20
222    2.85
223    3.45
224    2.95
225    3.20
Name: difference, Length: 226, dtype: float64
mean = 2.7
std = 1.13
1      0.45
2      0.30
3      0.95
4      0.15
5      0.50
       ... 
221    5.20
222    2.85
223    3.45
224    2.95
225    3.20
Name: difference, Length: 225, dtype: float64
mean = 2.71
std = 1.12
2      0.30
3      0.95
4      0.15
5      0.50
6      1.60
       ... 
221    5.20
222    2.85
223    3.45
224    2.95
225    3.20
Name: difference, Length: 224, dtype: float64
mean = 2.72
std = 1.11
3      0.95
4      0.15
5      0.50
6      1.60
7      0.95
       ... 
221    5.20
222    2.85
223    3.45
224    2.95
225    3.20
Name: difference, Length: 223, dtype: float64
mean = 2.73
std = 1.1
4      0.15
5      0.50
6      1.60
7      0.95
8      0.70
       ... 
221    5.20
222    2.85
223    3.45
224    2.95
225    3.20
Name: difference, Length: 222, dtype: float64
mean = 2.74
std = 1.1
5      0.50
6      1.60
7      0.95
8      0.70
9      1.80
       ... 
221    5.20
222    2.85
223    3.45
224    2.95
225    3.20
Name: difference, Length: 221, dtype: float64
mean = 2.75
std = 1.09
6      1.60
7      0.95
8      0.70
9      1.80
10     1.55
       ... 
221    5.20
222    2.85
223    3.45
224    2.95
225    3.20
Name: difference, Length: 220, dtype: float64
mean = 2.76
std = 1.08
7      0.95
8      0.70
9      1.80
10     1.55
11     1.30
       ... 
221    5.20
222    2.85
223    3.45
224    2.95
225    3.20
Name: difference, Length: 219, dtype: float64
mean = 2.77
std = 1.08
8      0.70
9      1.80
10     1.55
11     1.30
12     1.15
       ... 
221    5.20
222    2.85
223    3.45
224    2.95
225    3.20
Name: difference, Length: 218, dtype: float64
mean = 2.78
std = 1.08
9      1.80
10     1.55
11     1.30
12     1.15
13     0.15
       ... 
221    5.20
222    2.85
223    3.45
224    2.95
225    3.20
Name: difference, Length: 217, dtype: float64
mean = 2.79
std = 1.07
10     1.55
11     1.30
12     1.15
13     0.15
14     0.45
       ... 
221    5.20
222    2.85
223    3.45
224    2.95
225    3.20
Name: difference, Length: 216, dtype: float64
mean = 2.79
std = 1.07
11     1.30
12     1.15
13     0.15
14     0.45
15    -1.85
       ... 
221    5.20
222    2.85
223    3.45
224    2.95
225    3.20
Name: difference, Length: 215, dtype: float64
mean = 2.8
std = 1.07
12     1.15
13     0.15
14     0.45
15    -1.85
16     0.10
       ... 
221    5.20
222    2.85
223    3.45
224    2.95
225    3.20
Name: difference, Length: 214, dtype: float64
mean = 2.8
std = 1.07
13     0.15
14     0.45
15    -1.85
16     0.10
17     0.40
       ... 
221    5.20
222    2.85
223    3.45
224    2.95
225    3.20
Name: difference, Length: 213, dtype: float64
mean = 2.81
std = 1.06
14     0.45
15    -1.85
16     0.10
17     0.40
18     0.60
       ... 
221    5.20
222    2.85
223    3.45
224    2.95
225    3.20
Name: difference, Length: 212, dtype: float64
mean = 2.82
std = 1.05
15    -1.85
16     0.10
17     0.40
18     0.60
19     1.05
       ... 
221    5.20
222    2.85
223    3.45
224    2.95
225    3.20
Name: difference, Length: 211, dtype: float64
mean = 2.84
std = 1.04
16     0.10
17     0.40
18     0.60
19     1.05
20     1.05
       ... 
221    5.20
222    2.85
223    3.45
224    2.95
225    3.20
Name: difference, Length: 210, dtype: float64
mean = 2.86
std = 0.99
17     0.40
18     0.60
19     1.05
20     1.05
21     1.20
       ... 
221    5.20
222    2.85
223    3.45
224    2.95
225    3.20
Name: difference, Length: 209, dtype: float64
mean = 2.87
std = 0.97
18     0.60
19     1.05
20     1.05
21     1.20
22     0.45
       ... 
221    5.20
222    2.85
223    3.45
224    2.95
225    3.20
Name: difference, Length: 208, dtype: float64
mean = 2.88
std = 0.96
19     1.05
20     1.05
21     1.20
22     0.45
23     1.40
       ... 
221    5.20
222    2.85
223    3.45
224    2.95
225    3.20
Name: difference, Length: 207, dtype: float64
mean = 2.89
std = 0.95
20     1.05
21     1.20
22     0.45
23     1.40
24     1.45
       ... 
221    5.20
222    2.85
223    3.45
224    2.95
225    3.20
Name: difference, Length: 206, dtype: float64
mean = 2.9
std = 0.94
21     1.20
22     0.45
23     1.40
24     1.45
25     1.40
       ... 
221    5.20
222    2.85
223    3.45
224    2.95
225    3.20
Name: difference, Length: 205, dtype: float64
mean = 2.91
std = 0.93
22     0.45
23     1.40
24     1.45
25     1.40
26     1.65
       ... 
221    5.20
222    2.85
223    3.45
224    2.95
225    3.20
Name: difference, Length: 204, dtype: float64
mean = 2.92
std = 0.93
23     1.40
24     1.45
25     1.40
26     1.65
27     1.50
       ... 
221    5.20
222    2.85
223    3.45
224    2.95
225    3.20
Name: difference, Length: 203, dtype: float64
mean = 2.93
std = 0.92
24     1.45
25     1.40
26     1.65
27     1.50
28     0.95
       ... 
221    5.20
222    2.85
223    3.45
224    2.95
225    3.20
Name: difference, Length: 202, dtype: float64
mean = 2.94
std = 0.91
25     1.40
26     1.65
27     1.50
28     0.95
29     1.35
       ... 
221    5.20
222    2.85
223    3.45
224    2.95
225    3.20
Name: difference, Length: 201, dtype: float64
mean = 2.95
std = 0.91
26     1.65
27     1.50
28     0.95
29     1.35
30     1.35
       ... 
221    5.20
222    2.85
223    3.45
224    2.95
225    3.20
Name: difference, Length: 200, dtype: float64
mean = 2.96
std = 0.9
27     1.50
28     0.95
29     1.35
30     1.35
31     1.30
       ... 
221    5.20
222    2.85
223    3.45
224    2.95
225    3.20
Name: difference, Length: 199, dtype: float64
mean = 2.96
std = 0.9
28     0.95
29     1.35
30     1.35
31     1.30
32     1.05
       ... 
221    5.20
222    2.85
223    3.45
224    2.95
225    3.20
Name: difference, Length: 198, dtype: float64
mean = 2.97
std = 0.9
29     1.35
30     1.35
31     1.30
32     1.05
33     0.60
       ... 
221    5.20
222    2.85
223    3.45
224    2.95
225    3.20
Name: difference, Length: 197, dtype: float64
mean = 2.98
std = 0.89
30     1.35
31     1.30
32     1.05
33     0.60
34     1.50
       ... 
221    5.20
222    2.85
223    3.45
224    2.95
225    3.20
Name: difference, Length: 196, dtype: float64
mean = 2.99
std = 0.88
31     1.30
32     1.05
33     0.60
34     1.50
35     2.00
       ... 
221    5.20
222    2.85
223    3.45
224    2.95
225    3.20
Name: difference, Length: 195, dtype: float64
mean = 3.0
std = 0.88
32     1.05
33     0.60
34     1.50
35     2.00
36     2.00
       ... 
221    5.20
222    2.85
223    3.45
224    2.95
225    3.20
Name: difference, Length: 194, dtype: float64
mean = 3.01
std = 0.87
33     0.60
34     1.50
35     2.00
36     2.00
37     2.10
       ... 
221    5.20
222    2.85
223    3.45
224    2.95
225    3.20
Name: difference, Length: 193, dtype: float64
mean = 3.02
std = 0.86
34     1.50
35     2.00
36     2.00
37     2.10
38     2.55
       ... 
221    5.20
222    2.85
223    3.45
224    2.95
225    3.20
Name: difference, Length: 192, dtype: float64
mean = 3.03
std = 0.84
35     2.00
36     2.00
37     2.10
38     2.55
39     2.35
       ... 
221    5.20
222    2.85
223    3.45
224    2.95
225    3.20
Name: difference, Length: 191, dtype: float64
mean = 3.04
std = 0.84
36     2.00
37     2.10
38     2.55
39     2.35
40     2.55
       ... 
221    5.20
222    2.85
223    3.45
224    2.95
225    3.20
Name: difference, Length: 190, dtype: float64
mean = 3.04
std = 0.84
37     2.10
38     2.55
39     2.35
40     2.55
41     2.40
       ... 
221    5.20
222    2.85
223    3.45
224    2.95
225    3.20
Name: difference, Length: 189, dtype: float64
mean = 3.05
std = 0.84
38     2.55
39     2.35
40     2.55
41     2.40
42     2.10
       ... 
221    5.20
222    2.85
223    3.45
224    2.95
225    3.20
Name: difference, Length: 188, dtype: float64
mean = 3.05
std = 0.84
39     2.35
40     2.55
41     2.40
42     2.10
43     2.35
       ... 
221    5.20
222    2.85
223    3.45
224    2.95
225    3.20
Name: difference, Length: 187, dtype: float64
mean = 3.05
std = 0.84
40     2.55
41     2.40
42     2.10
43     2.35
44     2.35
       ... 
221    5.20
222    2.85
223    3.45
224    2.95
225    3.20
Name: difference, Length: 186, dtype: float64
mean = 3.06
std = 0.84
41     2.40
42     2.10
43     2.35
44     2.35
45     1.15
       ... 
221    5.20
222    2.85
223    3.45
224    2.95
225    3.20
Name: difference, Length: 185, dtype: float64
mean = 3.06
std = 0.84
42     2.10
43     2.35
44     2.35
45     1.15
46     1.50
       ... 
221    5.20
222    2.85
223    3.45
224    2.95
225    3.20
Name: difference, Length: 184, dtype: float64
mean = 3.06
std = 0.84
43     2.35
44     2.35
45     1.15
46     1.50
47     1.65
       ... 
221    5.20
222    2.85
223    3.45
224    2.95
225    3.20
Name: difference, Length: 183, dtype: float64
mean = 3.07
std = 0.84
44     2.35
45     1.15
46     1.50
47     1.65
48     1.80
       ... 
221    5.20
222    2.85
223    3.45
224    2.95
225    3.20
Name: difference, Length: 182, dtype: float64
mean = 3.07
std = 0.84
45     1.15
46     1.50
47     1.65
48     1.80
49     0.55
       ... 
221    5.20
222    2.85
223    3.45
224    2.95
225    3.20
Name: difference, Length: 181, dtype: float64
mean = 3.08
std = 0.84
46     1.50
47     1.65
48     1.80
49     0.55
50     0.55
       ... 
221    5.20
222    2.85
223    3.45
224    2.95
225    3.20
Name: difference, Length: 180, dtype: float64
mean = 3.09
std = 0.83
47     1.65
48     1.80
49     0.55
50     0.55
51     2.05
       ... 
221    5.20
222    2.85
223    3.45
224    2.95
225    3.20
Name: difference, Length: 179, dtype: float64
mean = 3.1
std = 0.82
48     1.80
49     0.55
50     0.55
51     2.05
52     3.75
       ... 
221    5.20
222    2.85
223    3.45
224    2.95
225    3.20
Name: difference, Length: 178, dtype: float64
mean = 3.11
std = 0.82
49     0.55
50     0.55
51     2.05
52     3.75
53     1.65
       ... 
221    5.20
222    2.85
223    3.45
224    2.95
225    3.20
Name: difference, Length: 177, dtype: float64
mean = 3.11
std = 0.82
50     0.55
51     2.05
52     3.75
53     1.65
54     1.50
       ... 
221    5.20
222    2.85
223    3.45
224    2.95
225    3.20
Name: difference, Length: 176, dtype: float64
mean = 3.13
std = 0.8
51     2.05
52     3.75
53     1.65
54     1.50
55     1.40
       ... 
221    5.20
222    2.85
223    3.45
224    2.95
225    3.20
Name: difference, Length: 175, dtype: float64
mean = 3.14
std = 0.77
52     3.75
53     1.65
54     1.50
55     1.40
56     0.55
       ... 
221    5.20
222    2.85
223    3.45
224    2.95
225    3.20
Name: difference, Length: 174, dtype: float64
mean = 3.15
std = 0.77
53     1.65
54     1.50
55     1.40
56     0.55
57     5.85
       ... 
221    5.20
222    2.85
223    3.45
224    2.95
225    3.20
Name: difference, Length: 173, dtype: float64
mean = 3.15
std = 0.77
54     1.50
55     1.40
56     0.55
57     5.85
58     1.95
       ... 
221    5.20
222    2.85
223    3.45
224    2.95
225    3.20
Name: difference, Length: 172, dtype: float64
mean = 3.15
std = 0.77
55     1.40
56     0.55
57     5.85
58     1.95
59     1.70
       ... 
221    5.20
222    2.85
223    3.45
224    2.95
225    3.20
Name: difference, Length: 171, dtype: float64
mean = 3.16
std = 0.76
56     0.55
57     5.85
58     1.95
59     1.70
60     7.00
       ... 
221    5.20
222    2.85
223    3.45
224    2.95
225    3.20
Name: difference, Length: 170, dtype: float64
mean = 3.17
std = 0.75
57     5.85
58     1.95
59     1.70
60     7.00
61     4.15
       ... 
221    5.20
222    2.85
223    3.45
224    2.95
225    3.20
Name: difference, Length: 169, dtype: float64
mean = 3.19
std = 0.72
58     1.95
59     1.70
60     7.00
61     4.15
62     3.60
       ... 
221    5.20
222    2.85
223    3.45
224    2.95
225    3.20
Name: difference, Length: 168, dtype: float64
mean = 3.17
std = 0.69
59     1.70
60     7.00
61     4.15
62     3.60
63     3.80
       ... 
221    5.20
222    2.85
223    3.45
224    2.95
225    3.20
Name: difference, Length: 167, dtype: float64
mean = 3.18
std = 0.69
60     7.00
61     4.15
62     3.60
63     3.80
64     3.60
       ... 
221    5.20
222    2.85
223    3.45
224    2.95
225    3.20
Name: difference, Length: 166, dtype: float64
mean = 3.19
std = 0.68
61     4.15
62     3.60
63     3.80
64     3.60
65     3.35
       ... 
221    5.20
222    2.85
223    3.45
224    2.95
225    3.20
Name: difference, Length: 165, dtype: float64
mean = 3.17
std = 0.61
62     3.60
63     3.80
64     3.60
65     3.35
66     2.70
       ... 
221    5.20
222    2.85
223    3.45
224    2.95
225    3.20
Name: difference, Length: 164, dtype: float64
mean = 3.16
std = 0.61
63     3.80
64     3.60
65     3.35
66     2.70
67     3.65
       ... 
221    5.20
222    2.85
223    3.45
224    2.95
225    3.20
Name: difference, Length: 163, dtype: float64
mean = 3.16
std = 0.61
64     3.60
65     3.35
66     2.70
67     3.65
68     2.30
       ... 
221    5.20
222    2.85
223    3.45
224    2.95
225    3.20
Name: difference, Length: 162, dtype: float64
mean = 3.15
std = 0.61
65     3.35
66     2.70
67     3.65
68     2.30
69     3.50
       ... 
221    5.20
222    2.85
223    3.45
224    2.95
225    3.20
Name: difference, Length: 161, dtype: float64
mean = 3.15
std = 0.61
66     2.70
67     3.65
68     2.30
69     3.50
70     3.30
       ... 
221    5.20
222    2.85
223    3.45
224    2.95
225    3.20
Name: difference, Length: 160, dtype: float64
mean = 3.15
std = 0.61
67     3.65
68     2.30
69     3.50
70     3.30
71     3.45
       ... 
221    5.20
222    2.85
223    3.45
224    2.95
225    3.20
Name: difference, Length: 159, dtype: float64
mean = 3.15
std = 0.62
68     2.30
69     3.50
70     3.30
71     3.45
72     3.60
       ... 
221    5.20
222    2.85
223    3.45
224    2.95
225    3.20
Name: difference, Length: 158, dtype: float64
mean = 3.15
std = 0.62
69     3.50
70     3.30
71     3.45
72     3.60
73     3.30
       ... 
221    5.20
222    2.85
223    3.45
224    2.95
225    3.20
Name: difference, Length: 157, dtype: float64
mean = 3.16
std = 0.61
70     3.30
71     3.45
72     3.60
73     3.30
74     3.05
       ... 
221    5.20
222    2.85
223    3.45
224    2.95
225    3.20
Name: difference, Length: 156, dtype: float64
mean = 3.15
std = 0.62
71     3.45
72     3.60
73     3.30
74     3.05
75     3.10
       ... 
221    5.20
222    2.85
223    3.45
224    2.95
225    3.20
Name: difference, Length: 155, dtype: float64
mean = 3.15
std = 0.62
72     3.60
73     3.30
74     3.05
75     3.10
76     3.20
       ... 
221    5.20
222    2.85
223    3.45
224    2.95
225    3.20
Name: difference, Length: 154, dtype: float64
mean = 3.15
std = 0.62
73     3.30
74     3.05
75     3.10
76     3.20
77     2.85
       ... 
221    5.20
222    2.85
223    3.45
224    2.95
225    3.20
Name: difference, Length: 153, dtype: float64
mean = 3.15
std = 0.62
74     3.05
75     3.10
76     3.20
77     2.85
78     2.85
       ... 
221    5.20
222    2.85
223    3.45
224    2.95
225    3.20
Name: difference, Length: 152, dtype: float64
mean = 3.15
std = 0.62
75     3.10
76     3.20
77     2.85
78     2.85
79     2.95
       ... 
221    5.20
222    2.85
223    3.45
224    2.95
225    3.20
Name: difference, Length: 151, dtype: float64
mean = 3.15
std = 0.62
76     3.20
77     2.85
78     2.85
79     2.95
80     3.15
       ... 
221    5.20
222    2.85
223    3.45
224    2.95
225    3.20
Name: difference, Length: 150, dtype: float64
mean = 3.15
std = 0.63
77     2.85
78     2.85
79     2.95
80     3.15
81     3.00
       ... 
221    5.20
222    2.85
223    3.45
224    2.95
225    3.20
Name: difference, Length: 149, dtype: float64
mean = 3.15
std = 0.63
78     2.85
79     2.95
80     3.15
81     3.00
82     2.95
       ... 
221    5.20
222    2.85
223    3.45
224    2.95
225    3.20
Name: difference, Length: 148, dtype: float64
mean = 3.15
std = 0.63
79     2.95
80     3.15
81     3.00
82     2.95
83     2.80
       ... 
221    5.20
222    2.85
223    3.45
224    2.95
225    3.20
Name: difference, Length: 147, dtype: float64
mean = 3.15
std = 0.63
80     3.15
81     3.00
82     2.95
83     2.80
84     2.80
       ... 
221    5.20
222    2.85
223    3.45
224    2.95
225    3.20
Name: difference, Length: 146, dtype: float64
mean = 3.15
std = 0.63
81     3.00
82     2.95
83     2.80
84     2.80
85     3.10
       ... 
221    5.20
222    2.85
223    3.45
224    2.95
225    3.20
Name: difference, Length: 145, dtype: float64
mean = 3.15
std = 0.64
82     2.95
83     2.80
84     2.80
85     3.10
86     3.00
       ... 
221    5.20
222    2.85
223    3.45
224    2.95
225    3.20
Name: difference, Length: 144, dtype: float64
mean = 3.15
std = 0.64
83     2.80
84     2.80
85     3.10
86     3.00
87     4.00
       ... 
221    5.20
222    2.85
223    3.45
224    2.95
225    3.20
Name: difference, Length: 143, dtype: float64
mean = 3.15
std = 0.64
84     2.80
85     3.10
86     3.00
87     4.00
88     2.50
       ... 
221    5.20
222    2.85
223    3.45
224    2.95
225    3.20
Name: difference, Length: 142, dtype: float64
mean = 3.16
std = 0.64
85     3.10
86     3.00
87     4.00
88     2.50
89     3.30
       ... 
221    5.20
222    2.85
223    3.45
224    2.95
225    3.20
Name: difference, Length: 141, dtype: float64
mean = 3.16
std = 0.64
86     3.00
87     4.00
88     2.50
89     3.30
90     3.15
       ... 
221    5.20
222    2.85
223    3.45
224    2.95
225    3.20
Name: difference, Length: 140, dtype: float64
mean = 3.16
std = 0.65
87     4.00
88     2.50
89     3.30
90     3.15
91     3.25
       ... 
221    5.20
222    2.85
223    3.45
224    2.95
225    3.20
Name: difference, Length: 139, dtype: float64
mean = 3.16
std = 0.65
88     2.50
89     3.30
90     3.15
91     3.25
92     3.60
       ... 
221    5.20
222    2.85
223    3.45
224    2.95
225    3.20
Name: difference, Length: 138, dtype: float64
mean = 3.16
std = 0.65
89     3.30
90     3.15
91     3.25
92     3.60
93     3.25
       ... 
221    5.20
222    2.85
223    3.45
224    2.95
225    3.20
Name: difference, Length: 137, dtype: float64
mean = 3.16
std = 0.65
90     3.15
91     3.25
92     3.60
93     3.25
94     2.75
       ... 
221    5.20
222    2.85
223    3.45
224    2.95
225    3.20
Name: difference, Length: 136, dtype: float64
mean = 3.16
std = 0.65
91     3.25
92     3.60
93     3.25
94     2.75
95     3.30
       ... 
221    5.20
222    2.85
223    3.45
224    2.95
225    3.20
Name: difference, Length: 135, dtype: float64
mean = 3.16
std = 0.65
92     3.60
93     3.25
94     2.75
95     3.30
96     3.30
       ... 
221    5.20
222    2.85
223    3.45
224    2.95
225    3.20
Name: difference, Length: 134, dtype: float64
mean = 3.16
std = 0.65
93     3.25
94     2.75
95     3.30
96     3.30
97     3.05
       ... 
221    5.20
222    2.85
223    3.45
224    2.95
225    3.20
Name: difference, Length: 133, dtype: float64
mean = 3.16
std = 0.65
94     2.75
95     3.30
96     3.30
97     3.05
98     3.50
       ... 
221    5.20
222    2.85
223    3.45
224    2.95
225    3.20
Name: difference, Length: 132, dtype: float64
mean = 3.15
std = 0.66
95     3.30
96     3.30
97     3.05
98     3.50
99     3.45
       ... 
221    5.20
222    2.85
223    3.45
224    2.95
225    3.20
Name: difference, Length: 131, dtype: float64
mean = 3.16
std = 0.66
96     3.30
97     3.05
98     3.50
99     3.45
100    3.25
       ... 
221    5.20
222    2.85
223    3.45
224    2.95
225    3.20
Name: difference, Length: 130, dtype: float64
mean = 3.16
std = 0.66
97     3.05
98     3.50
99     3.45
100    3.25
101    3.20
       ... 
221    5.20
222    2.85
223    3.45
224    2.95
225    3.20
Name: difference, Length: 129, dtype: float64
mean = 3.16
std = 0.66
98     3.50
99     3.45
100    3.25
101    3.20
102    3.20
       ... 
221    5.20
222    2.85
223    3.45
224    2.95
225    3.20
Name: difference, Length: 128, dtype: float64
mean = 3.16
std = 0.67
99     3.45
100    3.25
101    3.20
102    3.20
103    3.65
       ... 
221    5.20
222    2.85
223    3.45
224    2.95
225    3.20
Name: difference, Length: 127, dtype: float64
mean = 3.15
std = 0.67
100    3.25
101    3.20
102    3.20
103    3.65
104    3.45
       ... 
221    5.20
222    2.85
223    3.45
224    2.95
225    3.20
Name: difference, Length: 126, dtype: float64
mean = 3.15
std = 0.67
101    3.20
102    3.20
103    3.65
104    3.45
105    3.40
       ... 
221    5.20
222    2.85
223    3.45
224    2.95
225    3.20
Name: difference, Length: 125, dtype: float64
mean = 3.15
std = 0.67
102    3.20
103    3.65
104    3.45
105    3.40
106    3.05
       ... 
221    5.20
222    2.85
223    3.45
224    2.95
225    3.20
Name: difference, Length: 124, dtype: float64
mean = 3.15
std = 0.68
103    3.65
104    3.45
105    3.40
106    3.05
107    3.25
       ... 
221    5.20
222    2.85
223    3.45
224    2.95
225    3.20
Name: difference, Length: 123, dtype: float64
mean = 3.15
std = 0.68
104    3.45
105    3.40
106    3.05
107    3.25
108    3.60
       ... 
221    5.20
222    2.85
223    3.45
224    2.95
225    3.20
Name: difference, Length: 122, dtype: float64
mean = 3.15
std = 0.68
105    3.40
106    3.05
107    3.25
108    3.60
109    3.65
       ... 
221    5.20
222    2.85
223    3.45
224    2.95
225    3.20
Name: difference, Length: 121, dtype: float64
mean = 3.14
std = 0.68
106    3.05
107    3.25
108    3.60
109    3.65
110    4.80
       ... 
221    5.20
222    2.85
223    3.45
224    2.95
225    3.20
Name: difference, Length: 120, dtype: float64
mean = 3.14
std = 0.68
107    3.25
108    3.60
109    3.65
110    4.80
111    4.15
       ... 
221    5.20
222    2.85
223    3.45
224    2.95
225    3.20
Name: difference, Length: 119, dtype: float64
mean = 3.14
std = 0.69
108    3.60
109    3.65
110    4.80
111    4.15
112    3.70
       ... 
221    5.20
222    2.85
223    3.45
224    2.95
225    3.20
Name: difference, Length: 118, dtype: float64
mean = 3.14
std = 0.69
109    3.65
110    4.80
111    4.15
112    3.70
113    3.55
       ... 
221    5.20
222    2.85
223    3.45
224    2.95
225    3.20
Name: difference, Length: 117, dtype: float64
mean = 3.14
std = 0.69
110    4.80
111    4.15
112    3.70
113    3.55
114    3.65
       ... 
221    5.20
222    2.85
223    3.45
224    2.95
225    3.20
Name: difference, Length: 116, dtype: float64
mean = 3.13
std = 0.69
111    4.15
112    3.70
113    3.55
114    3.65
115    3.50
       ... 
221    5.20
222    2.85
223    3.45
224    2.95
225    3.20
Name: difference, Length: 115, dtype: float64
mean = 3.12
std = 0.68
112    3.70
113    3.55
114    3.65
115    3.50
116    3.60
       ... 
221    5.20
222    2.85
223    3.45
224    2.95
225    3.20
Name: difference, Length: 114, dtype: float64
mean = 3.11
std = 0.67
113    3.55
114    3.65
115    3.50
116    3.60
117    4.00
       ... 
221    5.20
222    2.85
223    3.45
224    2.95
225    3.20
Name: difference, Length: 113, dtype: float64
mean = 3.1
std = 0.67
114    3.65
115    3.50
116    3.60
117    4.00
118    3.65
       ... 
221    5.20
222    2.85
223    3.45
224    2.95
225    3.20
Name: difference, Length: 112, dtype: float64
mean = 3.1
std = 0.68
115    3.50
116    3.60
117    4.00
118    3.65
119    2.75
       ... 
221    5.20
222    2.85
223    3.45
224    2.95
225    3.20
Name: difference, Length: 111, dtype: float64
mean = 3.09
std = 0.68
116    3.60
117    4.00
118    3.65
119    2.75
120    3.00
       ... 
221    5.20
222    2.85
223    3.45
224    2.95
225    3.20
Name: difference, Length: 110, dtype: float64
mean = 3.09
std = 0.68
117    4.00
118    3.65
119    2.75
120    3.00
121    3.15
       ... 
221    5.20
222    2.85
223    3.45
224    2.95
225    3.20
Name: difference, Length: 109, dtype: float64
mean = 3.09
std = 0.68
118    3.65
119    2.75
120    3.00
121    3.15
122    3.20
       ... 
221    5.20
222    2.85
223    3.45
224    2.95
225    3.20
Name: difference, Length: 108, dtype: float64
mean = 3.08
std = 0.68
119    2.75
120    3.00
121    3.15
122    3.20
123    2.35
       ... 
221    5.20
222    2.85
223    3.45
224    2.95
225    3.20
Name: difference, Length: 107, dtype: float64
mean = 3.07
std = 0.68
120    3.00
121    3.15
122    3.20
123    2.35
124    3.75
       ... 
221    5.20
222    2.85
223    3.45
224    2.95
225    3.20
Name: difference, Length: 106, dtype: float64
mean = 3.08
std = 0.68
121    3.15
122    3.20
123    2.35
124    3.75
125    3.00
       ... 
221    5.20
222    2.85
223    3.45
224    2.95
225    3.20
Name: difference, Length: 105, dtype: float64
mean = 3.08
std = 0.68
122    3.20
123    2.35
124    3.75
125    3.00
126    2.95
       ... 
221    5.20
222    2.85
223    3.45
224    2.95
225    3.20
Name: difference, Length: 104, dtype: float64
mean = 3.08
std = 0.69
123    2.35
124    3.75
125    3.00
126    2.95
127    2.95
       ... 
221    5.20
222    2.85
223    3.45
224    2.95
225    3.20
Name: difference, Length: 103, dtype: float64
mean = 3.07
std = 0.69
124    3.75
125    3.00
126    2.95
127    2.95
128    2.50
       ... 
221    5.20
222    2.85
223    3.45
224    2.95
225    3.20
Name: difference, Length: 102, dtype: float64
mean = 3.08
std = 0.69
125    3.00
126    2.95
127    2.95
128    2.50
129    2.75
       ... 
221    5.20
222    2.85
223    3.45
224    2.95
225    3.20
Name: difference, Length: 101, dtype: float64
mean = 3.07
std = 0.69
126    2.95
127    2.95
128    2.50
129    2.75
130    3.10
       ... 
221    5.20
222    2.85
223    3.45
224    2.95
225    3.20
Name: difference, Length: 100, dtype: float64
mean = 3.08
std = 0.69
127    2.95
128    2.50
129    2.75
130    3.10
131    3.05
       ... 
221    5.20
222    2.85
223    3.45
224    2.95
225    3.20
Name: difference, Length: 99, dtype: float64
mean = 3.08
std = 0.7
128    2.50
129    2.75
130    3.10
131    3.05
132    3.05
       ... 
221    5.20
222    2.85
223    3.45
224    2.95
225    3.20
Name: difference, Length: 98, dtype: float64
mean = 3.08
std = 0.7
129    2.75
130    3.10
131    3.05
132    3.05
133    3.15
       ... 
221    5.20
222    2.85
223    3.45
224    2.95
225    3.20
Name: difference, Length: 97, dtype: float64
mean = 3.08
std = 0.7
130    3.10
131    3.05
132    3.05
133    3.15
134    2.80
       ... 
221    5.20
222    2.85
223    3.45
224    2.95
225    3.20
Name: difference, Length: 96, dtype: float64
mean = 3.09
std = 0.7
131    3.05
132    3.05
133    3.15
134    2.80
135    3.00
       ... 
221    5.20
222    2.85
223    3.45
224    2.95
225    3.20
Name: difference, Length: 95, dtype: float64
mean = 3.09
std = 0.71
132    3.05
133    3.15
134    2.80
135    3.00
136    3.15
       ... 
221    5.20
222    2.85
223    3.45
224    2.95
225    3.20
Name: difference, Length: 94, dtype: float64
mean = 3.09
std = 0.71
133    3.15
134    2.80
135    3.00
136    3.15
137    2.80
       ... 
221    5.20
222    2.85
223    3.45
224    2.95
225    3.20
Name: difference, Length: 93, dtype: float64
mean = 3.09
std = 0.72
134    2.80
135    3.00
136    3.15
137    2.80
138    3.05
       ... 
221    5.20
222    2.85
223    3.45
224    2.95
225    3.20
Name: difference, Length: 92, dtype: float64
mean = 3.09
std = 0.72
135    3.00
136    3.15
137    2.80
138    3.05
139    2.20
       ... 
221    5.20
222    2.85
223    3.45
224    2.95
225    3.20
Name: difference, Length: 91, dtype: float64
mean = 3.09
std = 0.72
136    3.15
137    2.80
138    3.05
139    2.20
140    3.05
       ... 
221    5.20
222    2.85
223    3.45
224    2.95
225    3.20
Name: difference, Length: 90, dtype: float64
mean = 3.09
std = 0.73
137    2.80
138    3.05
139    2.20
140    3.05
141    2.65
       ... 
221    5.20
222    2.85
223    3.45
224    2.95
225    3.20
Name: difference, Length: 89, dtype: float64
mean = 3.09
std = 0.73
138    3.05
139    2.20
140    3.05
141    2.65
142    3.25
       ... 
221    5.20
222    2.85
223    3.45
224    2.95
225    3.20
Name: difference, Length: 88, dtype: float64
mean = 3.09
std = 0.74
139    2.20
140    3.05
141    2.65
142    3.25
143    3.20
       ... 
221    5.20
222    2.85
223    3.45
224    2.95
225    3.20
Name: difference, Length: 87, dtype: float64
mean = 3.09
std = 0.74
140    3.05
141    2.65
142    3.25
143    3.20
144    2.80
       ... 
221    5.20
222    2.85
223    3.45
224    2.95
225    3.20
Name: difference, Length: 86, dtype: float64
mean = 3.11
std = 0.74
141    2.65
142    3.25
143    3.20
144    2.80
145    3.25
       ... 
221    5.20
222    2.85
223    3.45
224    2.95
225    3.20
Name: difference, Length: 85, dtype: float64
mean = 3.11
std = 0.74
142    3.25
143    3.20
144    2.80
145    3.25
146    3.35
       ... 
221    5.20
222    2.85
223    3.45
224    2.95
225    3.20
Name: difference, Length: 84, dtype: float64
mean = 3.11
std = 0.74
143    3.20
144    2.80
145    3.25
146    3.35
147    3.90
       ... 
221    5.20
222    2.85
223    3.45
224    2.95
225    3.20
Name: difference, Length: 83, dtype: float64
mean = 3.11
std = 0.75
144    2.80
145    3.25
146    3.35
147    3.90
148    3.25
       ... 
221    5.20
222    2.85
223    3.45
224    2.95
225    3.20
Name: difference, Length: 82, dtype: float64
mean = 3.11
std = 0.75
145    3.25
146    3.35
147    3.90
148    3.25
149    2.15
       ... 
221    5.20
222    2.85
223    3.45
224    2.95
225    3.20
Name: difference, Length: 81, dtype: float64
mean = 3.11
std = 0.76
146    3.35
147    3.90
148    3.25
149    2.15
150    3.40
       ... 
221    5.20
222    2.85
223    3.45
224    2.95
225    3.20
Name: difference, Length: 80, dtype: float64
mean = 3.11
std = 0.76
147    3.90
148    3.25
149    2.15
150    3.40
151    3.25
       ... 
221    5.20
222    2.85
223    3.45
224    2.95
225    3.20
Name: difference, Length: 79, dtype: float64
mean = 3.11
std = 0.77
148    3.25
149    2.15
150    3.40
151    3.25
152    2.80
       ... 
221    5.20
222    2.85
223    3.45
224    2.95
225    3.20
Name: difference, Length: 78, dtype: float64
mean = 3.1
std = 0.77
149    2.15
150    3.40
151    3.25
152    2.80
153    3.20
       ... 
221    5.20
222    2.85
223    3.45
224    2.95
225    3.20
Name: difference, Length: 77, dtype: float64
mean = 3.1
std = 0.77
150    3.40
151    3.25
152    2.80
153    3.20
154    2.80
       ... 
221    5.20
222    2.85
223    3.45
224    2.95
225    3.20
Name: difference, Length: 76, dtype: float64
mean = 3.11
std = 0.77
151    3.25
152    2.80
153    3.20
154    2.80
155    2.70
       ... 
221    5.20
222    2.85
223    3.45
224    2.95
225    3.20
Name: difference, Length: 75, dtype: float64
mean = 3.1
std = 0.77
152    2.80
153    3.20
154    2.80
155    2.70
156    2.70
       ... 
221    5.20
222    2.85
223    3.45
224    2.95
225    3.20
Name: difference, Length: 74, dtype: float64
mean = 3.1
std = 0.78
153    3.20
154    2.80
155    2.70
156    2.70
157    2.45
       ... 
221    5.20
222    2.85
223    3.45
224    2.95
225    3.20
Name: difference, Length: 73, dtype: float64
mean = 3.11
std = 0.78
154    2.80
155    2.70
156    2.70
157    2.45
158    2.45
       ... 
221    5.20
222    2.85
223    3.45
224    2.95
225    3.20
Name: difference, Length: 72, dtype: float64
mean = 3.1
std = 0.79
155    2.70
156    2.70
157    2.45
158    2.45
159    2.00
       ... 
221    5.20
222    2.85
223    3.45
224    2.95
225    3.20
Name: difference, Length: 71, dtype: float64
mean = 3.11
std = 0.79
156    2.70
157    2.45
158    2.45
159    2.00
160    2.40
       ... 
221    5.20
222    2.85
223    3.45
224    2.95
225    3.20
Name: difference, Length: 70, dtype: float64
mean = 3.11
std = 0.8
157    2.45
158    2.45
159    2.00
160    2.40
161    2.75
       ... 
221    5.20
222    2.85
223    3.45
224    2.95
225    3.20
Name: difference, Length: 69, dtype: float64
mean = 3.12
std = 0.8
158    2.45
159    2.00
160    2.40
161    2.75
162    2.55
       ... 
221    5.20
222    2.85
223    3.45
224    2.95
225    3.20
Name: difference, Length: 68, dtype: float64
mean = 3.13
std = 0.8
159    2.00
160    2.40
161    2.75
162    2.55
163    3.05
       ... 
221    5.20
222    2.85
223    3.45
224    2.95
225    3.20
Name: difference, Length: 67, dtype: float64
mean = 3.14
std = 0.8
160    2.40
161    2.75
162    2.55
163    3.05
164    2.50
       ... 
221    5.20
222    2.85
223    3.45
224    2.95
225    3.20
Name: difference, Length: 66, dtype: float64
mean = 3.16
std = 0.8
161    2.75
162    2.55
163    3.05
164    2.50
165    2.85
       ... 
221    5.20
222    2.85
223    3.45
224    2.95
225    3.20
Name: difference, Length: 65, dtype: float64
mean = 3.17
std = 0.8
162    2.55
163    3.05
164    2.50
165    2.85
166    2.35
       ... 
221    5.20
222    2.85
223    3.45
224    2.95
225    3.20
Name: difference, Length: 64, dtype: float64
mean = 3.18
std = 0.8
163    3.05
164    2.50
165    2.85
166    2.35
167    4.05
       ... 
221    5.20
222    2.85
223    3.45
224    2.95
225    3.20
Name: difference, Length: 63, dtype: float64
mean = 3.19
std = 0.8
164    2.50
165    2.85
166    2.35
167    4.05
168    2.85
       ... 
221    5.20
222    2.85
223    3.45
224    2.95
225    3.20
Name: difference, Length: 62, dtype: float64
mean = 3.19
std = 0.81
165    2.85
166    2.35
167    4.05
168    2.85
169    2.65
       ... 
221    5.20
222    2.85
223    3.45
224    2.95
225    3.20
Name: difference, Length: 61, dtype: float64
mean = 3.2
std = 0.81
166    2.35
167    4.05
168    2.85
169    2.65
170    2.00
171    1.85
172    2.50
173    2.75
174    2.40
175    2.50
176    2.70
177    3.00
178    1.80
179    2.85
180    2.95
181    2.50
182    2.85
183    2.25
184    3.70
185    2.65
186    2.90
187    2.60
188    2.65
189    2.90
190    2.85
191    2.40
192    2.85
193    3.00
194    2.65
195    2.80
196    3.35
197    2.85
198    4.15
199    3.05
200    2.15
201    2.70
202    3.90
203    5.95
204    3.75
205    3.80
206    3.65
207    3.35
208    3.55
209    3.25
210    3.60
211    3.65
212    3.55
213    3.70
214    3.95
215    3.90
216    3.75
217    4.55
218    4.40
219    4.50
220    4.95
221    5.20
222    2.85
223    3.45
224    2.95
225    3.20
Name: difference, dtype: float64
mean = 3.21
std = 0.82
167    4.05
168    2.85
169    2.65
170    2.00
171    1.85
172    2.50
173    2.75
174    2.40
175    2.50
176    2.70
177    3.00
178    1.80
179    2.85
180    2.95
181    2.50
182    2.85
183    2.25
184    3.70
185    2.65
186    2.90
187    2.60
188    2.65
189    2.90
190    2.85
191    2.40
192    2.85
193    3.00
194    2.65
195    2.80
196    3.35
197    2.85
198    4.15
199    3.05
200    2.15
201    2.70
202    3.90
203    5.95
204    3.75
205    3.80
206    3.65
207    3.35
208    3.55
209    3.25
210    3.60
211    3.65
212    3.55
213    3.70
214    3.95
215    3.90
216    3.75
217    4.55
218    4.40
219    4.50
220    4.95
221    5.20
222    2.85
223    3.45
224    2.95
225    3.20
Name: difference, dtype: float64
mean = 3.22
std = 0.82
168    2.85
169    2.65
170    2.00
171    1.85
172    2.50
173    2.75
174    2.40
175    2.50
176    2.70
177    3.00
178    1.80
179    2.85
180    2.95
181    2.50
182    2.85
183    2.25
184    3.70
185    2.65
186    2.90
187    2.60
188    2.65
189    2.90
190    2.85
191    2.40
192    2.85
193    3.00
194    2.65
195    2.80
196    3.35
197    2.85
198    4.15
199    3.05
200    2.15
201    2.70
202    3.90
203    5.95
204    3.75
205    3.80
206    3.65
207    3.35
208    3.55
209    3.25
210    3.60
211    3.65
212    3.55
213    3.70
214    3.95
215    3.90
216    3.75
217    4.55
218    4.40
219    4.50
220    4.95
221    5.20
222    2.85
223    3.45
224    2.95
225    3.20
Name: difference, dtype: float64
mean = 3.21
std = 0.82
169    2.65
170    2.00
171    1.85
172    2.50
173    2.75
174    2.40
175    2.50
176    2.70
177    3.00
178    1.80
179    2.85
180    2.95
181    2.50
182    2.85
183    2.25
184    3.70
185    2.65
186    2.90
187    2.60
188    2.65
189    2.90
190    2.85
191    2.40
192    2.85
193    3.00
194    2.65
195    2.80
196    3.35
197    2.85
198    4.15
199    3.05
200    2.15
201    2.70
202    3.90
203    5.95
204    3.75
205    3.80
206    3.65
207    3.35
208    3.55
209    3.25
210    3.60
211    3.65
212    3.55
213    3.70
214    3.95
215    3.90
216    3.75
217    4.55
218    4.40
219    4.50
220    4.95
221    5.20
222    2.85
223    3.45
224    2.95
225    3.20
Name: difference, dtype: float64
mean = 3.21
std = 0.82
170    2.00
171    1.85
172    2.50
173    2.75
174    2.40
175    2.50
176    2.70
177    3.00
178    1.80
179    2.85
180    2.95
181    2.50
182    2.85
183    2.25
184    3.70
185    2.65
186    2.90
187    2.60
188    2.65
189    2.90
190    2.85
191    2.40
192    2.85
193    3.00
194    2.65
195    2.80
196    3.35
197    2.85
198    4.15
199    3.05
200    2.15
201    2.70
202    3.90
203    5.95
204    3.75
205    3.80
206    3.65
207    3.35
208    3.55
209    3.25
210    3.60
211    3.65
212    3.55
213    3.70
214    3.95
215    3.90
216    3.75
217    4.55
218    4.40
219    4.50
220    4.95
221    5.20
222    2.85
223    3.45
224    2.95
225    3.20
Name: difference, dtype: float64
mean = 3.22
std = 0.83
171    1.85
172    2.50
173    2.75
174    2.40
175    2.50
176    2.70
177    3.00
178    1.80
179    2.85
180    2.95
181    2.50
182    2.85
183    2.25
184    3.70
185    2.65
186    2.90
187    2.60
188    2.65
189    2.90
190    2.85
191    2.40
192    2.85
193    3.00
194    2.65
195    2.80
196    3.35
197    2.85
198    4.15
199    3.05
200    2.15
201    2.70
202    3.90
203    5.95
204    3.75
205    3.80
206    3.65
207    3.35
208    3.55
209    3.25
210    3.60
211    3.65
212    3.55
213    3.70
214    3.95
215    3.90
216    3.75
217    4.55
218    4.40
219    4.50
220    4.95
221    5.20
222    2.85
223    3.45
224    2.95
225    3.20
Name: difference, dtype: float64
mean = 3.24
std = 0.82
172    2.50
173    2.75
174    2.40
175    2.50
176    2.70
177    3.00
178    1.80
179    2.85
180    2.95
181    2.50
182    2.85
183    2.25
184    3.70
185    2.65
186    2.90
187    2.60
188    2.65
189    2.90
190    2.85
191    2.40
192    2.85
193    3.00
194    2.65
195    2.80
196    3.35
197    2.85
198    4.15
199    3.05
200    2.15
201    2.70
202    3.90
203    5.95
204    3.75
205    3.80
206    3.65
207    3.35
208    3.55
209    3.25
210    3.60
211    3.65
212    3.55
213    3.70
214    3.95
215    3.90
216    3.75
217    4.55
218    4.40
219    4.50
220    4.95
221    5.20
222    2.85
223    3.45
224    2.95
225    3.20
Name: difference, dtype: float64
mean = 3.27
std = 0.8
173    2.75
174    2.40
175    2.50
176    2.70
177    3.00
178    1.80
179    2.85
180    2.95
181    2.50
182    2.85
183    2.25
184    3.70
185    2.65
186    2.90
187    2.60
188    2.65
189    2.90
190    2.85
191    2.40
192    2.85
193    3.00
194    2.65
195    2.80
196    3.35
197    2.85
198    4.15
199    3.05
200    2.15
201    2.70
202    3.90
203    5.95
204    3.75
205    3.80
206    3.65
207    3.35
208    3.55
209    3.25
210    3.60
211    3.65
212    3.55
213    3.70
214    3.95
215    3.90
216    3.75
217    4.55
218    4.40
219    4.50
220    4.95
221    5.20
222    2.85
223    3.45
224    2.95
225    3.20
Name: difference, dtype: float64
mean = 3.28
std = 0.8
174    2.40
175    2.50
176    2.70
177    3.00
178    1.80
179    2.85
180    2.95
181    2.50
182    2.85
183    2.25
184    3.70
185    2.65
186    2.90
187    2.60
188    2.65
189    2.90
190    2.85
191    2.40
192    2.85
193    3.00
194    2.65
195    2.80
196    3.35
197    2.85
198    4.15
199    3.05
200    2.15
201    2.70
202    3.90
203    5.95
204    3.75
205    3.80
206    3.65
207    3.35
208    3.55
209    3.25
210    3.60
211    3.65
212    3.55
213    3.70
214    3.95
215    3.90
216    3.75
217    4.55
218    4.40
219    4.50
220    4.95
221    5.20
222    2.85
223    3.45
224    2.95
225    3.20
Name: difference, dtype: float64
mean = 3.3
std = 0.81
175    2.50
176    2.70
177    3.00
178    1.80
179    2.85
180    2.95
181    2.50
182    2.85
183    2.25
184    3.70
185    2.65
186    2.90
187    2.60
188    2.65
189    2.90
190    2.85
191    2.40
192    2.85
193    3.00
194    2.65
195    2.80
196    3.35
197    2.85
198    4.15
199    3.05
200    2.15
201    2.70
202    3.90
203    5.95
204    3.75
205    3.80
206    3.65
207    3.35
208    3.55
209    3.25
210    3.60
211    3.65
212    3.55
213    3.70
214    3.95
215    3.90
216    3.75
217    4.55
218    4.40
219    4.50
220    4.95
221    5.20
222    2.85
223    3.45
224    2.95
225    3.20
Name: difference, dtype: float64
mean = 3.31
std = 0.81
176    2.70
177    3.00
178    1.80
179    2.85
180    2.95
181    2.50
182    2.85
183    2.25
184    3.70
185    2.65
186    2.90
187    2.60
188    2.65
189    2.90
190    2.85
191    2.40
192    2.85
193    3.00
194    2.65
195    2.80
196    3.35
197    2.85
198    4.15
199    3.05
200    2.15
201    2.70
202    3.90
203    5.95
204    3.75
205    3.80
206    3.65
207    3.35
208    3.55
209    3.25
210    3.60
211    3.65
212    3.55
213    3.70
214    3.95
215    3.90
216    3.75
217    4.55
218    4.40
219    4.50
220    4.95
221    5.20
222    2.85
223    3.45
224    2.95
225    3.20
Name: difference, dtype: float64
mean = 3.33
std = 0.8
177    3.00
178    1.80
179    2.85
180    2.95
181    2.50
182    2.85
183    2.25
184    3.70
185    2.65
186    2.90
187    2.60
188    2.65
189    2.90
190    2.85
191    2.40
192    2.85
193    3.00
194    2.65
195    2.80
196    3.35
197    2.85
198    4.15
199    3.05
200    2.15
201    2.70
202    3.90
203    5.95
204    3.75
205    3.80
206    3.65
207    3.35
208    3.55
209    3.25
210    3.60
211    3.65
212    3.55
213    3.70
214    3.95
215    3.90
216    3.75
217    4.55
218    4.40
219    4.50
220    4.95
221    5.20
222    2.85
223    3.45
224    2.95
225    3.20
Name: difference, dtype: float64
mean = 3.34
std = 0.81
178    1.80
179    2.85
180    2.95
181    2.50
182    2.85
183    2.25
184    3.70
185    2.65
186    2.90
187    2.60
188    2.65
189    2.90
190    2.85
191    2.40
192    2.85
193    3.00
194    2.65
195    2.80
196    3.35
197    2.85
198    4.15
199    3.05
200    2.15
201    2.70
202    3.90
203    5.95
204    3.75
205    3.80
206    3.65
207    3.35
208    3.55
209    3.25
210    3.60
211    3.65
212    3.55
213    3.70
214    3.95
215    3.90
216    3.75
217    4.55
218    4.40
219    4.50
220    4.95
221    5.20
222    2.85
223    3.45
224    2.95
225    3.20
Name: difference, dtype: float64
mean = 3.35
std = 0.81
179    2.85
180    2.95
181    2.50
182    2.85
183    2.25
184    3.70
185    2.65
186    2.90
187    2.60
188    2.65
189    2.90
190    2.85
191    2.40
192    2.85
193    3.00
194    2.65
195    2.80
196    3.35
197    2.85
198    4.15
199    3.05
200    2.15
201    2.70
202    3.90
203    5.95
204    3.75
205    3.80
206    3.65
207    3.35
208    3.55
209    3.25
210    3.60
211    3.65
212    3.55
213    3.70
214    3.95
215    3.90
216    3.75
217    4.55
218    4.40
219    4.50
220    4.95
221    5.20
222    2.85
223    3.45
224    2.95
225    3.20
Name: difference, dtype: float64
mean = 3.38
std = 0.79
180    2.95
181    2.50
182    2.85
183    2.25
184    3.70
185    2.65
186    2.90
187    2.60
188    2.65
189    2.90
190    2.85
191    2.40
192    2.85
193    3.00
194    2.65
195    2.80
196    3.35
197    2.85
198    4.15
199    3.05
200    2.15
201    2.70
202    3.90
203    5.95
204    3.75
205    3.80
206    3.65
207    3.35
208    3.55
209    3.25
210    3.60
211    3.65
212    3.55
213    3.70
214    3.95
215    3.90
216    3.75
217    4.55
218    4.40
219    4.50
220    4.95
221    5.20
222    2.85
223    3.45
224    2.95
225    3.20
Name: difference, dtype: float64
mean = 3.39
std = 0.8
181    2.50
182    2.85
183    2.25
184    3.70
185    2.65
186    2.90
187    2.60
188    2.65
189    2.90
190    2.85
191    2.40
192    2.85
193    3.00
194    2.65
195    2.80
196    3.35
197    2.85
198    4.15
199    3.05
200    2.15
201    2.70
202    3.90
203    5.95
204    3.75
205    3.80
206    3.65
207    3.35
208    3.55
209    3.25
210    3.60
211    3.65
212    3.55
213    3.70
214    3.95
215    3.90
216    3.75
217    4.55
218    4.40
219    4.50
220    4.95
221    5.20
222    2.85
223    3.45
224    2.95
225    3.20
Name: difference, dtype: float64
mean = 3.4
std = 0.8
182    2.85
183    2.25
184    3.70
185    2.65
186    2.90
187    2.60
188    2.65
189    2.90
190    2.85
191    2.40
192    2.85
193    3.00
194    2.65
195    2.80
196    3.35
197    2.85
198    4.15
199    3.05
200    2.15
201    2.70
202    3.90
203    5.95
204    3.75
205    3.80
206    3.65
207    3.35
208    3.55
209    3.25
210    3.60
211    3.65
212    3.55
213    3.70
214    3.95
215    3.90
216    3.75
217    4.55
218    4.40
219    4.50
220    4.95
221    5.20
222    2.85
223    3.45
224    2.95
225    3.20
Name: difference, dtype: float64
mean = 3.42
std = 0.8
183    2.25
184    3.70
185    2.65
186    2.90
187    2.60
188    2.65
189    2.90
190    2.85
191    2.40
192    2.85
193    3.00
194    2.65
195    2.80
196    3.35
197    2.85
198    4.15
199    3.05
200    2.15
201    2.70
202    3.90
203    5.95
204    3.75
205    3.80
206    3.65
207    3.35
208    3.55
209    3.25
210    3.60
211    3.65
212    3.55
213    3.70
214    3.95
215    3.90
216    3.75
217    4.55
218    4.40
219    4.50
220    4.95
221    5.20
222    2.85
223    3.45
224    2.95
225    3.20
Name: difference, dtype: float64
mean = 3.44
std = 0.8
184    3.70
185    2.65
186    2.90
187    2.60
188    2.65
189    2.90
190    2.85
191    2.40
192    2.85
193    3.00
194    2.65
195    2.80
196    3.35
197    2.85
198    4.15
199    3.05
200    2.15
201    2.70
202    3.90
203    5.95
204    3.75
205    3.80
206    3.65
207    3.35
208    3.55
209    3.25
210    3.60
211    3.65
212    3.55
213    3.70
214    3.95
215    3.90
216    3.75
217    4.55
218    4.40
219    4.50
220    4.95
221    5.20
222    2.85
223    3.45
224    2.95
225    3.20
Name: difference, dtype: float64
mean = 3.47
std = 0.79
185    2.65
186    2.90
187    2.60
188    2.65
189    2.90
190    2.85
191    2.40
192    2.85
193    3.00
194    2.65
195    2.80
196    3.35
197    2.85
198    4.15
199    3.05
200    2.15
201    2.70
202    3.90
203    5.95
204    3.75
205    3.80
206    3.65
207    3.35
208    3.55
209    3.25
210    3.60
211    3.65
212    3.55
213    3.70
214    3.95
215    3.90
216    3.75
217    4.55
218    4.40
219    4.50
220    4.95
221    5.20
222    2.85
223    3.45
224    2.95
225    3.20
Name: difference, dtype: float64
mean = 3.46
std = 0.8
186    2.90
187    2.60
188    2.65
189    2.90
190    2.85
191    2.40
192    2.85
193    3.00
194    2.65
195    2.80
196    3.35
197    2.85
198    4.15
199    3.05
200    2.15
201    2.70
202    3.90
203    5.95
204    3.75
205    3.80
206    3.65
207    3.35
208    3.55
209    3.25
210    3.60
211    3.65
212    3.55
213    3.70
214    3.95
215    3.90
216    3.75
217    4.55
218    4.40
219    4.50
220    4.95
221    5.20
222    2.85
223    3.45
224    2.95
225    3.20
Name: difference, dtype: float64
mean = 3.48
std = 0.8
187    2.60
188    2.65
189    2.90
190    2.85
191    2.40
192    2.85
193    3.00
194    2.65
195    2.80
196    3.35
197    2.85
198    4.15
199    3.05
200    2.15
201    2.70
202    3.90
203    5.95
204    3.75
205    3.80
206    3.65
207    3.35
208    3.55
209    3.25
210    3.60
211    3.65
212    3.55
213    3.70
214    3.95
215    3.90
216    3.75
217    4.55
218    4.40
219    4.50
220    4.95
221    5.20
222    2.85
223    3.45
224    2.95
225    3.20
Name: difference, dtype: float64
mean = 3.49
std = 0.8
188    2.65
189    2.90
190    2.85
191    2.40
192    2.85
193    3.00
194    2.65
195    2.80
196    3.35
197    2.85
198    4.15
199    3.05
200    2.15
201    2.70
202    3.90
203    5.95
204    3.75
205    3.80
206    3.65
207    3.35
208    3.55
209    3.25
210    3.60
211    3.65
212    3.55
213    3.70
214    3.95
215    3.90
216    3.75
217    4.55
218    4.40
219    4.50
220    4.95
221    5.20
222    2.85
223    3.45
224    2.95
225    3.20
Name: difference, dtype: float64
mean = 3.52
std = 0.8
189    2.90
190    2.85
191    2.40
192    2.85
193    3.00
194    2.65
195    2.80
196    3.35
197    2.85
198    4.15
199    3.05
200    2.15
201    2.70
202    3.90
203    5.95
204    3.75
205    3.80
206    3.65
207    3.35
208    3.55
209    3.25
210    3.60
211    3.65
212    3.55
213    3.70
214    3.95
215    3.90
216    3.75
217    4.55
218    4.40
219    4.50
220    4.95
221    5.20
222    2.85
223    3.45
224    2.95
225    3.20
Name: difference, dtype: float64
mean = 3.54
std = 0.8
190    2.85
191    2.40
192    2.85
193    3.00
194    2.65
195    2.80
196    3.35
197    2.85
198    4.15
199    3.05
200    2.15
201    2.70
202    3.90
203    5.95
204    3.75
205    3.80
206    3.65
207    3.35
208    3.55
209    3.25
210    3.60
211    3.65
212    3.55
213    3.70
214    3.95
215    3.90
216    3.75
217    4.55
218    4.40
219    4.50
220    4.95
221    5.20
222    2.85
223    3.45
224    2.95
225    3.20
Name: difference, dtype: float64
mean = 3.56
std = 0.8
191    2.40
192    2.85
193    3.00
194    2.65
195    2.80
196    3.35
197    2.85
198    4.15
199    3.05
200    2.15
201    2.70
202    3.90
203    5.95
204    3.75
205    3.80
206    3.65
207    3.35
208    3.55
209    3.25
210    3.60
211    3.65
212    3.55
213    3.70
214    3.95
215    3.90
216    3.75
217    4.55
218    4.40
219    4.50
220    4.95
221    5.20
222    2.85
223    3.45
224    2.95
225    3.20
Name: difference, dtype: float64INFO:werkzeug:127.0.0.1 - - [24/Jun/2020 19:55:37] "[37mGET /calender_spreads_backtest HTTP/1.1[0m" 200 -
INFO:root:Starting server: http://127.0.0.1:5000
successfully starrted
 * Serving Flask app "main" (lazy loading)
 * Environment: production
   WARNING: This is a development server. Do not use it in a production deployment.
   Use a production WSGI server instead.
 * Debug mode: off
Traceback (most recent call last):
  File "main.py", line 99, in <module>
    app.run(host= '0.0.0.0')
  File "/home/parallax/.local/lib/python3.6/site-packages/flask/app.py", line 990, in run
    run_simple(host, port, self, **options)
  File "/home/parallax/.local/lib/python3.6/site-packages/werkzeug/serving.py", line 1052, in run_simple
    inner()
  File "/home/parallax/.local/lib/python3.6/site-packages/werkzeug/serving.py", line 1005, in inner
    fd=fd,
  File "/home/parallax/.local/lib/python3.6/site-packages/werkzeug/serving.py", line 848, in make_server
    host, port, app, request_handler, passthrough_errors, ssl_context, fd=fd
  File "/home/parallax/.local/lib/python3.6/site-packages/werkzeug/serving.py", line 740, in __init__
    HTTPServer.__init__(self, server_address, handler)
  File "/usr/lib/python3.6/socketserver.py", line 456, in __init__
    self.server_bind()
  File "/usr/lib/python3.6/http/server.py", line 136, in server_bind
    socketserver.TCPServer.server_bind(self)
  File "/usr/lib/python3.6/socketserver.py", line 470, in server_bind
    self.socket.bind(self.server_address)
OSError: [Errno 98] Address already in use
